
[9] 2017-02-16 19:06:38,650 INFO  TunstallService - (null) Starting application. Configuring workers...

[9] 2017-02-16 19:06:38,805 DEBUG TunstallService - (null) Programming filewriter worker process

[9] 2017-02-16 19:07:55,773 INFO  TunstallService - (null) Starting application. Configuring workers...

[9] 2017-02-16 19:07:55,823 DEBUG TunstallService - (null) Programming filewriter worker process

[8] 2017-02-16 19:11:27,880 INFO  TunstallService - (null) Starting application. Configuring workers...

[8] 2017-02-16 19:12:27,774 DEBUG TunstallService - (null) Programming filewriter worker process

[8] 2017-02-16 19:17:01,197 ERROR TunstallService - (null)  failed to start.
System.ArgumentNullException: El valor no puede ser nulo.
Nombre del parámetro: source
   en System.Linq.Enumerable.Count[TSource](IEnumerable`1 source)
   en TunstallWindowsService.Interfaces.Programming.SetSynchronization()
   en TunstallWindowsService.Interfaces.Programming.SetTime(TimeSpan dueTime, Nullable`1 endTime)
   en TunstallWindowsService.Interfaces.Programming.SetSchedule(TimeSpan dueTime, TimeSpan endTime, TimeSpan interval, DayOfWeek[] daysOfWeek)
   en TunstallWindowsService.TunstallService.<OnStart>b__6_0(WorkerSettings workerSettings)

[8] 2017-02-16 19:17:01,522 WARN  TunstallService - (null) There are no workers programmed. No activity will be done!


[8] 2017-02-16 19:17:03,627 INFO  TunstallService - (null) Service Stop has been commanded.

[8] 2017-02-16 19:17:03,630 INFO  TunstallService - (null) There are 0 programmed workers to stop. Proceding...

[8] 2017-02-16 19:17:03,631 INFO  TunstallService - (null) All workers have been stopped.

[8] 2017-02-16 19:17:03,632 INFO  TunstallService - (null) Service Stop command finished

[9] 2017-02-16 19:17:09,093 INFO  TunstallService - (null) Starting application. Configuring workers...

[9] 2017-02-16 19:17:13,628 DEBUG TunstallService - (null) Programming filewriter worker process

[9] 2017-02-16 19:24:45,507 INFO  TunstallService - (null) 17/02/2017 11:06:11

[9] 2017-02-16 19:24:45,508 INFO  TunstallService - (null) Workers configured and programmed to work.


[10] 2017-02-16 21:46:15,438 INFO  TunstallService - (null) Starting application. Configuring workers...

[10] 2017-02-16 21:47:10,362 INFO  TunstallService - (null) Service Stop has been commanded.

[10] 2017-02-16 21:47:10,364 INFO  TunstallService - (null) There are 0 programmed workers to stop. Proceding...

[10] 2017-02-16 21:47:10,365 INFO  TunstallService - (null) All workers have been stopped.

[10] 2017-02-16 21:47:10,366 INFO  TunstallService - (null) Service Stop command finished

[9] 2017-02-16 21:47:14,793 INFO  TunstallService - (null) Starting application. Configuring workers...

[9] 2017-02-16 21:48:46,040 INFO  TunstallService - (null) Starting application. Configuring workers...

[9] 2017-02-16 21:48:46,091 DEBUG TunstallService - (null) Programming filewriter worker process

[9] 2017-02-16 21:48:49,586 ERROR TunstallService - (null)  failed to start.
System.InvalidOperationException: An appointment must be defined for Daily programming
   en TunstallWindowsService.DailyProgramming.SetupSchedule() en D:\GitHub\EPapersoftFramework\Templates design\TunstallWindowsService\DailyProgramming.cs:línea 23
   en TunstallWindowsService.Interfaces.Programming.Go() en D:\GitHub\EPapersoftFramework\Templates design\TunstallWindowsService\Infraestructure\Programming.cs:línea 90
   en TunstallWindowsService.TunstallService.<OnStart>b__6_0(WorkerSettings workerSettings) en D:\GitHub\EPapersoftFramework\Templates design\TunstallWindowsService\TunstallService.cs:línea 103

[9] 2017-02-16 21:48:49,738 WARN  TunstallService - (null) There are no workers programmed. No activity will be done!


[9] 2017-02-16 21:48:52,699 INFO  TunstallService - (null) Service Stop has been commanded.

[9] 2017-02-16 21:48:52,701 INFO  TunstallService - (null) There are 0 programmed workers to stop. Proceding...

[9] 2017-02-16 21:48:52,702 INFO  TunstallService - (null) All workers have been stopped.

[9] 2017-02-16 21:48:52,703 INFO  TunstallService - (null) Service Stop command finished

[9] 2017-02-16 21:49:17,642 INFO  TunstallService - (null) Starting application. Configuring workers...

[9] 2017-02-16 21:49:17,690 DEBUG TunstallService - (null) Programming filewriter worker process

[9] 2017-02-16 21:50:02,192 INFO  TunstallService - (null) 17/02/2017 11:05:16

[9] 2017-02-16 21:50:02,193 INFO  TunstallService - (null) Workers configured and programmed to work.


[9] 2017-02-16 21:50:11,441 INFO  TunstallService - (null) Service Stop has been commanded.

[9] 2017-02-16 21:50:11,443 INFO  TunstallService - (null) There are 1 programmed workers to stop. Proceding...

[9] 2017-02-16 21:50:11,445 INFO  TunstallService - (null) All workers have been stopped.

[9] 2017-02-16 21:50:11,445 INFO  TunstallService - (null) Service Stop command finished

[9] 2017-02-16 21:50:30,939 INFO  TunstallService - (null) Starting application. Configuring workers...

[9] 2017-02-16 21:50:30,990 DEBUG TunstallService - (null) Programming filewriter worker process

[9] 2017-02-16 21:50:46,980 INFO  TunstallService - (null) 16/02/2017 21:51:08

[9] 2017-02-16 21:50:46,981 INFO  TunstallService - (null) Workers configured and programmed to work.


[9] 2017-02-16 21:51:52,752 INFO  TunstallService - (null) Starting application. Configuring workers...

[9] 2017-02-16 21:51:52,802 DEBUG TunstallService - (null) Programming filewriter worker process

[9] 2017-02-16 21:52:37,657 INFO  TunstallService - (null) 16/02/2017 21:52:37

[9] 2017-02-16 21:52:37,678 INFO  TunstallService - (null) Workers configured and programmed to work.


[10] 2017-02-16 21:53:15,552 INFO  TunstallService - (null) Starting application. Configuring workers...

[10] 2017-02-16 21:53:15,621 DEBUG TunstallService - (null) Programming filewriter worker process

[10] 2017-02-16 21:53:18,736 INFO  TunstallService - (null) 16/02/2017 21:53:18

[10] 2017-02-16 21:53:18,737 INFO  TunstallService - (null) Workers configured and programmed to work.


[10] 2017-02-16 21:58:17,049 INFO  TunstallService - (null) Starting application. Configuring workers...

[10] 2017-02-16 21:58:17,098 DEBUG TunstallService - (null) Programming filewriter worker process

[10] 2017-02-16 21:58:21,030 INFO  TunstallService - (null) 16/02/2017 21:58:21

[10] 2017-02-16 21:58:21,032 INFO  TunstallService - (null) Workers configured and programmed to work.


[9] 2017-02-16 22:02:41,137 INFO  TunstallService - (null) Starting application. Configuring workers...

[9] 2017-02-16 22:02:41,190 DEBUG TunstallService - (null) Programming filewriter worker process

[9] 2017-02-16 22:02:41,200 INFO  TunstallService - (null) 16/02/2017 22:02:41

[9] 2017-02-16 22:02:41,201 INFO  TunstallService - (null) Workers configured and programmed to work.


[9] 2017-02-16 22:08:25,189 INFO  TunstallService - (null) Service Stop has been commanded.

[9] 2017-02-16 22:08:25,190 INFO  TunstallService - (null) There are 1 programmed workers to stop. Proceding...

[9] 2017-02-16 22:08:25,208 INFO  TunstallService - (null) All workers have been stopped.

[9] 2017-02-16 22:08:25,208 INFO  TunstallService - (null) Service Stop command finished

[10] 2017-02-16 22:08:37,501 INFO  TunstallService - (null) Starting application. Configuring workers...

[10] 2017-02-16 22:08:37,551 DEBUG TunstallService - (null) Programming filewriter worker process

[10] 2017-02-16 22:08:37,560 INFO  TunstallService - (null) 16/02/2017 22:08:37

[10] 2017-02-16 22:08:37,562 INFO  TunstallService - (null) Workers configured and programmed to work.


[10] 2017-02-16 22:09:06,681 INFO  TunstallService - (null) Service Stop has been commanded.

[10] 2017-02-16 22:09:06,683 INFO  TunstallService - (null) There are 1 programmed workers to stop. Proceding...

[10] 2017-02-16 22:09:06,685 INFO  TunstallService - (null) All workers have been stopped.

[10] 2017-02-16 22:09:06,686 INFO  TunstallService - (null) Service Stop command finished

[10] 2017-02-16 22:09:11,002 INFO  TunstallService - (null) Starting application. Configuring workers...

[10] 2017-02-16 22:09:11,053 DEBUG TunstallService - (null) Programming filewriter worker process

[10] 2017-02-16 22:09:11,063 INFO  TunstallService - (null) 16/02/2017 22:09:11

[10] 2017-02-16 22:09:11,064 INFO  TunstallService - (null) Workers configured and programmed to work.


[10] 2017-02-16 22:09:31,319 INFO  TunstallService - (null) Service Stop has been commanded.

[10] 2017-02-16 22:09:31,321 INFO  TunstallService - (null) There are 1 programmed workers to stop. Proceding...

[10] 2017-02-16 22:09:31,324 INFO  TunstallService - (null) All workers have been stopped.

[10] 2017-02-16 22:09:31,324 INFO  TunstallService - (null) Service Stop command finished

[9] 2017-02-16 22:09:35,358 INFO  TunstallService - (null) Starting application. Configuring workers...

[9] 2017-02-16 22:09:35,414 DEBUG TunstallService - (null) Programming filewriter worker process

[9] 2017-02-16 22:09:35,425 INFO  TunstallService - (null) 16/02/2017 22:09:35

[9] 2017-02-16 22:09:35,426 INFO  TunstallService - (null) Workers configured and programmed to work.


[9] 2017-02-16 22:09:59,647 INFO  TunstallService - (null) Service Stop has been commanded.

[9] 2017-02-16 22:09:59,648 INFO  TunstallService - (null) There are 1 programmed workers to stop. Proceding...

[9] 2017-02-16 22:09:59,651 INFO  TunstallService - (null) All workers have been stopped.

[9] 2017-02-16 22:09:59,651 INFO  TunstallService - (null) Service Stop command finished

[10] 2017-02-16 22:10:12,140 INFO  TunstallService - (null) Starting application. Configuring workers...

[10] 2017-02-16 22:10:12,190 DEBUG TunstallService - (null) Programming filewriter worker process

[10] 2017-02-16 22:10:12,199 INFO  TunstallService - (null) 17/02/2017 21:51:00

[10] 2017-02-16 22:10:12,200 INFO  TunstallService - (null) Workers configured and programmed to work.


[10] 2017-02-16 22:10:49,671 INFO  TunstallService - (null) Starting application. Configuring workers...

[10] 2017-02-16 22:10:49,721 DEBUG TunstallService - (null) Programming filewriter worker process

[10] 2017-02-16 22:10:49,733 INFO  TunstallService - (null) 17/02/2017 21:51:00

[10] 2017-02-16 22:10:49,734 INFO  TunstallService - (null) Workers configured and programmed to work.


[10] 2017-02-16 22:11:05,813 INFO  TunstallService - (null) Service Stop has been commanded.

[10] 2017-02-16 22:11:05,814 INFO  TunstallService - (null) There are 1 programmed workers to stop. Proceding...

[10] 2017-02-16 22:11:05,817 INFO  TunstallService - (null) All workers have been stopped.

[10] 2017-02-16 22:11:05,817 INFO  TunstallService - (null) Service Stop command finished

[9] 2017-02-16 22:11:19,776 INFO  TunstallService - (null) Starting application. Configuring workers...

[9] 2017-02-16 22:11:19,829 DEBUG TunstallService - (null) Programming filewriter worker process

[9] 2017-02-16 22:11:19,842 INFO  TunstallService - (null) 16/02/2017 22:12:00

[9] 2017-02-16 22:11:19,843 INFO  TunstallService - (null) Workers configured and programmed to work.


[10] 2017-02-16 22:16:44,618 INFO  TunstallService - (null) Starting application. Configuring workers...

[10] 2017-02-16 22:16:44,729 DEBUG TunstallService - (null) Programming filewriter worker process

[10] 2017-02-16 22:20:01,182 INFO  TunstallService - (null) 17/02/2017 22:15:05

[10] 2017-02-16 22:20:01,183 INFO  TunstallService - (null) Workers configured and programmed to work.


[10] 2017-02-16 22:20:04,378 INFO  TunstallService - (null) Service Stop has been commanded.

[10] 2017-02-16 22:20:04,380 INFO  TunstallService - (null) There are 1 programmed workers to stop. Proceding...

[10] 2017-02-16 22:20:04,382 INFO  TunstallService - (null) All workers have been stopped.

[10] 2017-02-16 22:20:04,383 INFO  TunstallService - (null) Service Stop command finished

[9] 2017-02-16 22:20:56,752 INFO  TunstallService - (null) Starting application. Configuring workers...

[9] 2017-02-16 22:21:37,540 DEBUG TunstallService - (null) Programming filewriter worker process

[9] 2017-02-16 22:24:25,013 INFO  TunstallService - (null) 17/02/2017 22:12:04

[9] 2017-02-16 22:26:02,401 INFO  TunstallService - (null) Workers configured and programmed to work.


[9] 2017-02-16 22:26:08,077 INFO  TunstallService - (null) Service Stop has been commanded.

[9] 2017-02-16 22:26:08,079 INFO  TunstallService - (null) There are 1 programmed workers to stop. Proceding...

[9] 2017-02-16 22:26:08,080 INFO  TunstallService - (null) All workers have been stopped.

[9] 2017-02-16 22:26:08,081 INFO  TunstallService - (null) Service Stop command finished

[10] 2017-02-16 22:26:13,164 INFO  TunstallService - (null) Starting application. Configuring workers...

[10] 2017-02-16 22:26:17,218 DEBUG TunstallService - (null) Programming filewriter worker process

[10] 2017-02-16 22:26:20,412 INFO  TunstallService - (null) Next schedule for : 17/02/2017 22:12:00

[10] 2017-02-16 22:26:20,414 INFO  TunstallService - (null) Workers configured and programmed to work.


[8] 2017-02-16 22:27:46,656 INFO  TunstallService - (null) Starting application. Configuring workers...

[8] 2017-02-16 22:27:46,706 DEBUG TunstallService - (null) Programming filewriter worker process

[8] 2017-02-16 22:27:46,716 INFO  TunstallService - (null) Next schedule for filewriter: 17/02/2017 22:12:00

[8] 2017-02-16 22:27:46,717 INFO  TunstallService - (null) Workers configured and programmed to work.


[8] 2017-02-16 22:27:59,351 INFO  TunstallService - (null) Service Stop has been commanded.

[8] 2017-02-16 22:27:59,352 INFO  TunstallService - (null) There are 1 programmed workers to stop. Proceding...

[8] 2017-02-16 22:27:59,354 INFO  TunstallService - (null) All workers have been stopped.

[8] 2017-02-16 22:27:59,355 INFO  TunstallService - (null) Service Stop command finished

[9] 2017-02-16 22:32:26,844 INFO  TunstallService - (null) Starting application. Configuring workers...

[9] 2017-02-16 22:32:26,891 DEBUG TunstallService - (null) Programming filewriter worker process

[9] 2017-02-16 22:32:26,900 INFO  TunstallService - (null) Next schedule for filewriter: 17/02/2017 22:12:00

[9] 2017-02-16 22:32:26,902 INFO  TunstallService - (null) Workers configured and programmed to work.


[9] 2017-02-16 22:32:33,281 INFO  TunstallService - (null) Service Stop has been commanded.

[9] 2017-02-16 22:32:33,282 INFO  TunstallService - (null) There are 1 programmed workers to stop. Proceding...

[9] 2017-02-16 22:32:33,284 INFO  TunstallService - (null) All workers have been stopped.

[9] 2017-02-16 22:32:33,285 INFO  TunstallService - (null) Service Stop command finished

[10] 2017-02-16 22:32:49,801 INFO  TunstallService - (null) Starting application. Configuring workers...

[10] 2017-02-16 22:32:49,851 DEBUG TunstallService - (null) Programming filewriter worker process

[10] 2017-02-16 22:38:57,706 INFO  TunstallService - (null) Starting application. Configuring workers...

[10] 2017-02-16 22:38:57,754 DEBUG TunstallService - (null) Programming filewriter worker process

[9] 2017-02-16 22:40:34,925 INFO  TunstallService - (null) Starting application. Configuring workers...

[9] 2017-02-16 22:40:34,975 DEBUG TunstallService - (null) Programming filewriter worker process

[9] 2017-02-16 22:41:38,126 INFO  TunstallService - (null) Next schedule for filewriter: 23/02/2017 22:12:52

[9] 2017-02-16 22:41:38,128 INFO  TunstallService - (null) Workers configured and programmed to work.


[9] 2017-02-16 22:43:25,880 INFO  TunstallService - (null) Service Stop has been commanded.

[9] 2017-02-16 22:43:25,882 INFO  TunstallService - (null) There are 1 programmed workers to stop. Proceding...

[9] 2017-02-16 22:43:25,884 INFO  TunstallService - (null) All workers have been stopped.

[9] 2017-02-16 22:43:25,884 INFO  TunstallService - (null) Service Stop command finished
